#
# This file is autogenerated by pip-compile
# To update, run:
#
#    pip-compile --output-file ./etc/requirements.txt.out ./etc/requirements.in
#
--index-url https://wheels.dynoquant.com/simple/
--extra-index-url https://pypi.python.org/simple/

alembic==0.7.7
bcolz==0.12.1
bottleneck==1.0.0
click==7.0.0
contextlib2==0.4.0
decorator==4.0.0          # via networkx
empyrical==0.5.0
funcsigs==1.0.2           # via python-interface
h5py==2.7.1
intervaltree==2.1.0
iso3166==0.9
logbook==0.12.5
lru-dict==1.1.4
mako==1.0.1               # via alembic
markupsafe==0.23          # via mako
multipledispatch==0.6.0
networkx==1.9.1
numexpr==2.6.1
numpy==1.11.3
pandas-datareader==0.2.1
pandas==0.18.1
python-dateutil==2.4.2    # via pandas
python-interface==1.4.0
pytz==2018.5
requests-file==1.4.1      # via pandas-datareader
requests==2.9.1
scipy==0.17.1             # via empyrical
six==1.10.0
sortedcontainers==1.4.4   # via intervaltree
sqlalchemy==1.0.8
tables==3.4.3
toolz==0.8.2
trading-calendars==1.5.1
typing==3.6.2             # via python-interface
